0 info it worked if it ends with ok
1 verbose cli [ '/usr/local/bin/node', '/usr/local/bin/npm', 'publish' ]
2 info using npm@3.10.10
3 info using node@v6.11.3
4 verbose publish [ '.' ]
5 silly cache add args [ '.', null ]
6 verbose cache add spec .
7 silly cache add parsed spec Result {
7 silly cache add   raw: '.',
7 silly cache add   scope: null,
7 silly cache add   escapedName: null,
7 silly cache add   name: null,
7 silly cache add   rawSpec: '.',
7 silly cache add   spec: '/git/all/packages/revuex',
7 silly cache add   type: 'directory' }
8 verbose addLocalDirectory /Users/didi/.npm/revuex/0.0.4/package.tgz not in flight; packing
9 verbose correctMkdir /Users/didi/.npm correctMkdir not in flight; initializing
10 info lifecycle revuex@0.0.4~prepublish: revuex@0.0.4
11 silly lifecycle revuex@0.0.4~prepublish: no script for prepublish, continuing
12 verbose tar pack [ '/Users/didi/.npm/revuex/0.0.4/package.tgz',
12 verbose tar pack   '/git/all/packages/revuex' ]
13 verbose tarball /Users/didi/.npm/revuex/0.0.4/package.tgz
14 verbose folder /git/all/packages/revuex
15 verbose addLocalTarball adding from inside cache /Users/didi/.npm/revuex/0.0.4/package.tgz
16 verbose correctMkdir /Users/didi/.npm correctMkdir not in flight; initializing
17 silly cache afterAdd revuex@0.0.4
18 verbose afterAdd /Users/didi/.npm/revuex/0.0.4/package/package.json not in flight; writing
19 verbose correctMkdir /Users/didi/.npm correctMkdir not in flight; initializing
20 verbose afterAdd /Users/didi/.npm/revuex/0.0.4/package/package.json written
21 silly publish { name: 'revuex',
21 silly publish   version: '0.0.4',
21 silly publish   description: 'Revuex is a state manager based upon redux and inspired by vuex. You can manipulate state of your react/redux app in the vuex-like way.',
21 silly publish   main: 'dist/revuex.common.js',
21 silly publish   scripts: {},
21 silly publish   author: { name: 'Bruce Chao' },
21 silly publish   license: 'MIT',
21 silly publish   devDependencies: {},
21 silly publish   dependencies: {},
21 silly publish   readme: '# Revuex\n\nRevuex is a state manager based upon redux and inspired by vuex. You can manipulate state of your react/redux app in the vuex-like way.\n\n## What\'s wrong with redux?\n\n## What Problems Revuex Solved?\n\nThe switch-case-in-reducer pattern is vulnerable because all the code inside a switch block share a same scope.\n\n## Features\n\n* Fully modularize your redux store.\n\n## Installation\n\n``` bash\nnpm install revuex\n```\n\n## Usage\n\nCheck the detailed [example](./example/).\n\n## Terminology\n\n### store\n\nA revuex store instance is an enhanced redux store with more methods.\n\n### rootState\n\nThe root state of a revuex store. It must not be mutated.\n\n### actionCreators, or simply creators\n\nIn revuex, an actionCreator is merely a function in which you can **invoke** other actionCreators or dispatch actions.\n\n## API Reference\n\n### Top-level\n\n#### createStore(options: Object): Store\n\nCreate and return a revuex store instance.\n\n##### Example:\n\n``` js\nimport * as Redux from \'redux\';\nimport Revuex from \'revuex\';\nconst store = Revuex.createStore({\n  redux: Redux,\n  state: {\n    name: \'app\'\n  },\n  modules: {\n  },\n  creators: {\n    init({ state, rootState, invoke, dispatch }) {\n    }\n  },\n  actions: {}\n});\n```\n\n### Store\n\n#### getState(): Object\n\nReturn the current **rootState** of the store.\n\n``` js\nconst state = store.getState();\n```\n\n#### ensure(pathArr: string[], rawModule: Object)\n\nIf no module was registered to the given path, register the module to it, otherwise nothing will happen.\n\n``` js\nimport rawModuleC from \'./baz.js\';\n// Try to register a module\nstore.ensure([\'foo\', \'baz\'], rawModuleC);\n```\n\n#### invoke(path: string, payload?: Object)\n\nInvoke an action creator.\n\n``` js\nstore.invoke(\'foo/bar/do_something\', payload);\n```\n\n#### dispatch(path: string, payload?: Object)\n\nDispatch an action.\n\n``` js\nstore.dispatch(\'foo/bar/LIKE\', {\n  comment_id: 118\n});\n```\n\n## License\n\nMIT',
21 silly publish   readmeFilename: 'README.md',
21 silly publish   gitHead: '431a3cbd4a331c1d16b5bbc087a1880a240a4b4a',
21 silly publish   _id: 'revuex@0.0.4',
21 silly publish   _shasum: '751edac726ff1db6730f639c67d1cf2686183cf6',
21 silly publish   _from: '.' }
22 verbose getPublishConfig undefined
23 silly mapToRegistry name revuex
24 silly mapToRegistry using default registry
25 silly mapToRegistry registry https://registry.npm.taobao.org/
26 silly mapToRegistry data Result {
26 silly mapToRegistry   raw: 'revuex',
26 silly mapToRegistry   scope: null,
26 silly mapToRegistry   escapedName: 'revuex',
26 silly mapToRegistry   name: 'revuex',
26 silly mapToRegistry   rawSpec: '',
26 silly mapToRegistry   spec: 'latest',
26 silly mapToRegistry   type: 'tag' }
27 silly mapToRegistry uri https://registry.npm.taobao.org/revuex
28 verbose publish registryBase https://registry.npm.taobao.org/
29 silly publish uploading /Users/didi/.npm/revuex/0.0.4/package.tgz
30 verbose stack Error: auth required for publishing
30 verbose stack     at CachingRegistryClient.publish (/usr/local/lib/node_modules/npm/node_modules/npm-registry-client/lib/publish.js:30:14)
30 verbose stack     at /usr/local/lib/node_modules/npm/lib/publish.js:138:14
30 verbose stack     at mapToRegistry (/usr/local/lib/node_modules/npm/lib/utils/map-to-registry.js:62:3)
30 verbose stack     at publish_ (/usr/local/lib/node_modules/npm/lib/publish.js:107:3)
30 verbose stack     at Array.<anonymous> (/usr/local/lib/node_modules/npm/node_modules/slide/lib/bind-actor.js:15:8)
30 verbose stack     at LOOP (/usr/local/lib/node_modules/npm/node_modules/slide/lib/chain.js:15:14)
30 verbose stack     at LOOP (/usr/local/lib/node_modules/npm/node_modules/slide/lib/chain.js:14:28)
30 verbose stack     at chain (/usr/local/lib/node_modules/npm/node_modules/slide/lib/chain.js:20:5)
30 verbose stack     at /usr/local/lib/node_modules/npm/lib/publish.js:73:5
30 verbose stack     at RES (/usr/local/lib/node_modules/npm/node_modules/inflight/inflight.js:23:14)
31 verbose cwd /git/all/packages/revuex
32 error Darwin 16.7.0
33 error argv "/usr/local/bin/node" "/usr/local/bin/npm" "publish"
34 error node v6.11.3
35 error npm  v3.10.10
36 error code ENEEDAUTH
37 error need auth auth required for publishing
38 error need auth You need to authorize this machine using `npm adduser`
39 verbose exit [ 1, true ]
